0	1	mikroCARM.exe -MSF -DBG -pSTM32F107VC -BIN -LHF -C -DL -SSA -O11111114 -fo72 -N"C:\Users\katarina.perendic\Desktop\Accel_7_Click\example\c\ARM\STM\Click_Accel7_STM.mcpar" -SP"C:\Users\Public\Documents\Mikroelektronika\mikroC PRO for ARM\Defs\" -SP"C:\Users\Public\Documents\Mikroelektronika\mikroC PRO for ARM\Uses\ST M3\" -SP"C:\Users\katarina.perendic\Desktop\Accel_7_Click\example\c\ARM\STM\" -SP"C:\Users\katarina.perendic\Desktop\Accel_7_Click\library\HAL\" -SP"C:\Users\katarina.perendic\Desktop\Accel_7_Click\library\" -SP"C:\Users\Public\Documents\Mikroelektronika\mikroC PRO for ARM\Packages\mikroBUS Board Definition API\Uses\" -IP"C:\Users\Public\Documents\Mikroelektronika\mikroC PRO for ARM\Uses\TI M3\" -IP"C:\Users\katarina.perendic\Desktop\Accel_7_Click\example\c\ARM\STM\" -IP"C:\Users\katarina.perendic\Desktop\Accel_7_Click\library\" -IP"C:\Users\katarina.perendic\Desktop\Accel_7_Click\library\HAL\" -IP"C:\Users\Public\Documents\Mikroelektronika\mikroC PRO for ARM\Packages\mikroBUS Board Definition API\Uses\" "Click_Accel7_STM.c" "__accel7_driver.c" "__Lib_Math.emcl" "__Lib_MathDouble.emcl" "__Lib_Delays.emcl" "__Lib_System_105_107.emcl" "__Lib_GPIO_32F10x_Defs.emcl" "__Lib_GPIO_32F10x.emcl" "__Lib_CString.emcl" "__Lib_Conversions.emcl" "__Lib_I2C_12.emcl" "__Lib_UART_123_45.emcl" "easymx_v7_STM32F107VC.emcl" "Click_Accel7.pld"	 
diagnostics: 0	122	Compilation Started	stdint.h
diagnostics: 81	123	Compiled Successfully	Click_Accel7_STM.c
diagnostics: 0	122	Compilation Started	stdint.h
hint: 218	1163	Variable 'readReg' has been declared, but not used	__accel7_driver.c
hint: 220	1163	Variable 'ctrl_reg1' has been declared, but not used	__accel7_driver.c
diagnostics: 327	123	Compiled Successfully	__accel7_driver.c
hint: 323	1164	Variable 'tmp' has been eliminated by optimizer	__accel7_driver.c
hint: 84	1164	Variable 'tmp' has been eliminated by optimizer	__accel7_driver.c
hint: 101	1164	Variable 'ptr' has been eliminated by optimizer	__accel7_driver.c
hint: 109	1164	Variable 'ptr' has been eliminated by optimizer	__accel7_driver.c
hint: 144	1164	Variable 'status' has been eliminated by optimizer	__accel7_driver.c
hint: 251	1164	Variable 'I_AM' has been eliminated by optimizer	__accel7_driver.c
diagnostics: 0	127	All files Compiled in 110 ms	 
hint: 0	1144	Used RX: 16 (100%)   Free RX: 0 (0%)	Used RX: 16 (100%)   Free RX: 0 (0%)
hint: 0	1144	Static RAM (bytes): 157   Dynamic RAM (bytes): 65373	Static RAM (bytes): 157   Dynamic RAM (bytes): 65373
hint: 0	1144	Used ROM (bytes): 9852 (4%)  Free ROM (bytes): 252292 (96%)	Used ROM (bytes): 9852 (4%)  Free ROM (bytes): 252292 (96%)
diagnostics: 0	125	Project Linked Successfully	Click_Accel7_STM.mcpar
diagnostics: 0	128	Linked in 265 ms	 
diagnostics: 0	129	Project 'Click_Accel7_STM.mcpar' completed: 515 ms	 
diagnostics: 0	103	Finished successfully: 04 jul 2018, 17:49:26	Click_Accel7_STM.mcpar
